B:\BIANCA-NOU\FACULTATE\AN 3\PRACTICA\UBISOFT\GITHUB\UBISOFT\DEBUG\UBISOFT.PCH
B:\BIANCA-NOU\FACULTATE\AN 3\PRACTICA\UBISOFT\GITHUB\UBISOFT\DEBUG\STDAFX.OBJ
B:\BIANCA-NOU\FACULTATE\AN 3\PRACTICA\UBISOFT\GITHUB\UBISOFT\DEBUG\VC110.PDB
B:\BIANCA-NOU\FACULTATE\AN 3\PRACTICA\UBISOFT\GITHUB\UBISOFT\DEBUG\SPRITE.OBJ
B:\BIANCA-NOU\FACULTATE\AN 3\PRACTICA\UBISOFT\GITHUB\UBISOFT\DEBUG\SPRITEMANAGER.OBJ
B:\BIANCA-NOU\FACULTATE\AN 3\PRACTICA\UBISOFT\GITHUB\UBISOFT\DEBUG\UBISOFT.OBJ
B:\BIANCA-NOU\FACULTATE\AN 3\PRACTICA\UBISOFT\GITHUB\DEBUG\UBISOFT.ILK
B:\BIANCA-NOU\FACULTATE\AN 3\PRACTICA\UBISOFT\GITHUB\DEBUG\UBISOFT.EXE
B:\BIANCA-NOU\FACULTATE\AN 3\PRACTICA\UBISOFT\GITHUB\DEBUG\UBISOFT.PDB
B:\BIANCA-NOU\FACULTATE\AN 3\PRACTICA\UBISOFT\GITHUB\UBISOFT\DEBUG\UBISOFT.RES
B:\Bianca-nou\Facultate\an 3\practica\Ubisoft\GITHUB\Ubisoft\Debug\Sprite.obj
B:\Bianca-nou\Facultate\an 3\practica\Ubisoft\GITHUB\Ubisoft\Debug\SpriteManager.obj
B:\Bianca-nou\Facultate\an 3\practica\Ubisoft\GITHUB\Ubisoft\Debug\stdafx.obj
B:\Bianca-nou\Facultate\an 3\practica\Ubisoft\GITHUB\Ubisoft\Debug\Ubisoft.obj
B:\Bianca-nou\Facultate\an 3\practica\Ubisoft\GITHUB\Ubisoft\Debug\cl.command.1.tlog
B:\Bianca-nou\Facultate\an 3\practica\Ubisoft\GITHUB\Ubisoft\Debug\CL.read.1.tlog
B:\Bianca-nou\Facultate\an 3\practica\Ubisoft\GITHUB\Ubisoft\Debug\CL.write.1.tlog
B:\Bianca-nou\Facultate\an 3\practica\Ubisoft\GITHUB\Ubisoft\Debug\link-cvtres.read.1.tlog
B:\Bianca-nou\Facultate\an 3\practica\Ubisoft\GITHUB\Ubisoft\Debug\link-cvtres.write.1.tlog
B:\Bianca-nou\Facultate\an 3\practica\Ubisoft\GITHUB\Ubisoft\Debug\link-rc.read.1.tlog
B:\Bianca-nou\Facultate\an 3\practica\Ubisoft\GITHUB\Ubisoft\Debug\link-rc.write.1.tlog
B:\Bianca-nou\Facultate\an 3\practica\Ubisoft\GITHUB\Ubisoft\Debug\link.command.1.tlog
B:\Bianca-nou\Facultate\an 3\practica\Ubisoft\GITHUB\Ubisoft\Debug\link.read.1.tlog
B:\Bianca-nou\Facultate\an 3\practica\Ubisoft\GITHUB\Ubisoft\Debug\link.write.1.tlog
B:\Bianca-nou\Facultate\an 3\practica\Ubisoft\GITHUB\Ubisoft\Debug\rc.command.1.tlog
B:\Bianca-nou\Facultate\an 3\practica\Ubisoft\GITHUB\Ubisoft\Debug\rc.read.1.tlog
B:\Bianca-nou\Facultate\an 3\practica\Ubisoft\GITHUB\Ubisoft\Debug\rc.write.1.tlog
B:\Bianca-nou\Facultate\an 3\practica\Ubisoft\GITHUB\Ubisoft\Debug\Ubisoft.res
B:\Bianca-nou\Facultate\an 3\practica\Ubisoft\GITHUB\Ubisoft\Debug\Ubisoft.pch
B:\Bianca-nou\Facultate\an 3\practica\Ubisoft\GITHUB\Ubisoft\Debug\vc110.idb
B:\Bianca-nou\Facultate\an 3\practica\Ubisoft\GITHUB\Ubisoft\Debug\vc110.pdb
B:\Bianca-nou\Facultate\an 3\practica\Ubisoft\GITHUB\Debug\Ubisoft.pdb
B:\Bianca-nou\Facultate\an 3\practica\Ubisoft\GITHUB\Debug\Ubisoft.exe
B:\Bianca-nou\Facultate\an 3\practica\Ubisoft\GITHUB\Debug\Ubisoft.ilk
